0 info it worked if it ends with ok
1 verbose cli [ '/usr/local/bin/node', '/usr/local/bin/npm', 'start' ]
2 info using npm@2.14.7
3 info using node@v4.4.7
4 verbose run-script [ 'prestart', 'start', 'poststart' ]
5 info prestart ghost@0.7.4
6 info start ghost@0.7.4
7 verbose unsafe-perm in lifecycle true
8 info ghost@0.7.4 Failed to exec start script
9 verbose stack Error: ghost@0.7.4 start: `node index`
9 verbose stack Exit status 231
9 verbose stack     at EventEmitter.<anonymous> (/usr/local/lib/node_modules/npm/lib/utils/lifecycle.js:217:16)
9 verbose stack     at emitTwo (events.js:87:13)
9 verbose stack     at EventEmitter.emit (events.js:172:7)
9 verbose stack     at ChildProcess.<anonymous> (/usr/local/lib/node_modules/npm/lib/utils/spawn.js:24:14)
9 verbose stack     at emitTwo (events.js:87:13)
9 verbose stack     at ChildProcess.emit (events.js:172:7)
9 verbose stack     at maybeClose (internal/child_process.js:827:16)
9 verbose stack     at Process.ChildProcess._handle.onexit (internal/child_process.js:211:5)
10 verbose pkgid ghost@0.7.4
11 verbose cwd /Users/share/Documents/myghost
12 error Darwin 15.2.0
13 error argv "/usr/local/bin/node" "/usr/local/bin/npm" "start"
14 error node v4.4.7
15 error npm  v2.14.7
16 error code ELIFECYCLE
17 error ghost@0.7.4 start: `node index`
17 error Exit status 231
18 error Failed at the ghost@0.7.4 start script 'node index'.
18 error This is most likely a problem with the ghost package,
18 error not with npm itself.
18 error Tell the author that this fails on your system:
18 error     node index
18 error You can get information on how to open an issue for this project with:
18 error     npm bugs ghost
18 error Or if that isn't available, you can get their info via:
18 error
18 error     npm owner ls ghost
18 error There is likely additional logging output above.
19 verbose exit [ 1, true ]
